Configuring sdl2-2.1.3...
Building sdl2-2.1.3...
Preprocessing library sdl2-2.1.3...
[ 1 of 36] Compiling SDL.Raw.Platform ( src\SDL\Raw\Platform.hs, .stack-work\dist\b7fec021\build\SDL\Raw\Platform.o )
[ 2 of 36] Compiling SDL.Raw.Error    ( src\SDL\Raw\Error.hs, .stack-work\dist\b7fec021\build\SDL\Raw\Error.o )
[ 3 of 36] Compiling SDL.Internal.Vect ( src\SDL\Internal\Vect.hs, .stack-work\dist\b7fec021\build\SDL\Internal\Vect.o )
[ 4 of 36] Compiling Data.Bitmask     ( src\Data\Bitmask.hs, .stack-work\dist\b7fec021\build\Data\Bitmask.o )
[ 5 of 36] Compiling SDL.Internal.Numbered ( src\SDL\Internal\Numbered.hs, .stack-work\dist\b7fec021\build\SDL\Internal\Numbered.o )
[ 6 of 36] Compiling SDL.Raw.Enum     ( .stack-work\dist\b7fec021\build\SDL\Raw\Enum.hs, .stack-work\dist\b7fec021\build\SDL\Raw\Enum.o )
[ 7 of 36] Compiling SDL.Raw.Types    ( .stack-work\dist\b7fec021\build\SDL\Raw\Types.hs, .stack-work\dist\b7fec021\build\SDL\Raw\Types.o )
[ 8 of 36] Compiling SDL.Raw.Filesystem ( src\SDL\Raw\Filesystem.hs, .stack-work\dist\b7fec021\build\SDL\Raw\Filesystem.o )
[ 9 of 36] Compiling SDL.Raw.Timer    ( src\SDL\Raw\Timer.hs, .stack-work\dist\b7fec021\build\SDL\Raw\Timer.o )
[10 of 36] Compiling SDL.Raw.Haptic   ( src\SDL\Raw\Haptic.hs, .stack-work\dist\b7fec021\build\SDL\Raw\Haptic.o )
[11 of 36] Compiling SDL.Input.Keyboard.Codes ( src\SDL\Input\Keyboard\Codes.hs, .stack-work\dist\b7fec021\build\SDL\Input\Keyboard\Codes.o )
[12 of 36] Compiling SDL.Raw.Event    ( src\SDL\Raw\Event.hs, .stack-work\dist\b7fec021\build\SDL\Raw\Event.o )
[13 of 36] Compiling SDL.Raw.Basic    ( src\SDL\Raw\Basic.hs, .stack-work\dist\b7fec021\build\SDL\Raw\Basic.o )
[14 of 36] Compiling SDL.Raw.Power    ( src\SDL\Raw\Power.hs, .stack-work\dist\b7fec021\build\SDL\Raw\Power.o )
[15 of 36] Compiling SDL.Raw.Thread   ( src\SDL\Raw\Thread.hs, .stack-work\dist\b7fec021\build\SDL\Raw\Thread.o )
[16 of 36] Compiling SDL.Raw.Video    ( src\SDL\Raw\Video.hs, .stack-work\dist\b7fec021\build\SDL\Raw\Video.o )
[17 of 36] Compiling SDL.Raw.Audio    ( src\SDL\Raw\Audio.hs, .stack-work\dist\b7fec021\build\SDL\Raw\Audio.o )
[18 of 36] Compiling SDL.Raw          ( src\SDL\Raw.hs, .stack-work\dist\b7fec021\build\SDL\Raw.o )
[19 of 36] Compiling SDL.Internal.Types ( src\SDL\Internal\Types.hs, .stack-work\dist\b7fec021\build\SDL\Internal\Types.o )
[20 of 36] Compiling SDL.Input.Keyboard ( src\SDL\Input\Keyboard.hs, .stack-work\dist\b7fec021\build\SDL\Input\Keyboard.o )
[21 of 36] Compiling SDL.Exception    ( src\SDL\Exception.hs, .stack-work\dist\b7fec021\build\SDL\Exception.o )
[22 of 36] Compiling SDL.Vect         ( src\SDL\Vect.hs, .stack-work\dist\b7fec021\build\SDL\Vect.o )
[23 of 36] Compiling SDL.Input.Joystick ( src\SDL\Input\Joystick.hs, .stack-work\dist\b7fec021\build\SDL\Input\Joystick.o )
[24 of 36] Compiling SDL.Video.Renderer ( src\SDL\Video\Renderer.hs, .stack-work\dist\b7fec021\build\SDL\Video\Renderer.o )
[25 of 36] Compiling SDL.Input.Mouse  ( src\SDL\Input\Mouse.hs, .stack-work\dist\b7fec021\build\SDL\Input\Mouse.o )
[26 of 36] Compiling SDL.Video.OpenGL ( src\SDL\Video\OpenGL.hs, .stack-work\dist\b7fec021\build\SDL\Video\OpenGL.o )
[27 of 36] Compiling SDL.Video        ( src\SDL\Video.hs, .stack-work\dist\b7fec021\build\SDL\Video.o )
[28 of 36] Compiling SDL.Time         ( src\SDL\Time.hs, .stack-work\dist\b7fec021\build\SDL\Time.o )
[29 of 36] Compiling SDL.Power        ( src\SDL\Power.hs, .stack-work\dist\b7fec021\build\SDL\Power.o )
[30 of 36] Compiling SDL.Input        ( src\SDL\Input.hs, .stack-work\dist\b7fec021\build\SDL\Input.o )
[31 of 36] Compiling SDL.Hint         ( src\SDL\Hint.hs, .stack-work\dist\b7fec021\build\SDL\Hint.o )
[32 of 36] Compiling SDL.Filesystem   ( src\SDL\Filesystem.hs, .stack-work\dist\b7fec021\build\SDL\Filesystem.o )
[33 of 36] Compiling SDL.Event        ( src\SDL\Event.hs, .stack-work\dist\b7fec021\build\SDL\Event.o )
[34 of 36] Compiling SDL.Audio        ( src\SDL\Audio.hs, .stack-work\dist\b7fec021\build\SDL\Audio.o )
[35 of 36] Compiling SDL.Init         ( src\SDL\Init.hs, .stack-work\dist\b7fec021\build\SDL\Init.o )
[36 of 36] Compiling SDL              ( src\SDL.hs, .stack-work\dist\b7fec021\build\SDL.o )
Installing library in
C:\sr\snapshots\47552a30\lib\x86_64-windows-ghc-8.0.1\sdl2-2.1.3-1EqSWplBNy9KMgxJ9U28SO
Registering sdl2-2.1.3...
